<?xml version="1.0" encoding="UTF-8"?>
<testsuite xmlns:xsi="http://www.w3.org/2001/XMLSchema-instance" xsi:noNamespaceSchemaLocation="https://maven.apache.org/surefire/maven-surefire-plugin/xsd/surefire-test-report-3.0.xsd" version="3.0" name="student.SequenceTest" time="0.084" tests="25" errors="0" skipped="0" failures="0">
  <properties>
[...]
</properties>
  <testcase name="testAddAfter_AtMiddle" classname="student.SequenceTest" time="0.005"/>
  <testcase name="testSize_EmptySequence" classname="student.SequenceTest" time="0.002"/>
  <testcase name="testAddAll_NonEmptySequence" classname="student.SequenceTest" time="0.001"/>
  <testcase name="testRemoveCurrent_AtMiddle" classname="student.SequenceTest" time="0.001"/>
  <testcase name="testRemoveCurrent_WhenCurrentIsNull" classname="student.SequenceTest" time="0.002"/>
  <testcase name="testRemoveCurrent_EmptySequence" classname="student.SequenceTest" time="0.001"/>
  <testcase name="testAddAll_EmptySequence" classname="student.SequenceTest" time="0.001"/>
  <testcase name="testClear" classname="student.SequenceTest" time="0.002"/>
  <testcase name="testStart" classname="student.SequenceTest" time="0.002"/>
  <testcase name="testEquals_SameContent" classname="student.SequenceTest" time="0.003"/>
  <testcase name="testAdvance_AtTail" classname="student.SequenceTest" time="0.013"/>
  <testcase name="testClone_IdenticalCopy" classname="student.SequenceTest" time="0.005"/>
  <testcase name="testAddBefore_AtMiddle" classname="student.SequenceTest" time="0.001"/>
  <testcase name="testEquals_DifferentCurrentPosition" classname="student.SequenceTest" time="0.002"/>
  <testcase name="testEquals_DifferentContent" classname="student.SequenceTest" time="0.001"/>
  <testcase name="testAddAfter_EmptySequence" classname="student.SequenceTest" time="0.001"/>
  <testcase name="testAdvance_FromHeadToTail" classname="student.SequenceTest" time="0.002"/>
  <testcase name="testClone_IndependentCopy" classname="student.SequenceTest" time="0.002"/>
  <testcase name="testRemoveCurrent_AtHead" classname="student.SequenceTest" time="0.001"/>
  <testcase name="testSize_AfterInsertions" classname="student.SequenceTest" time="0.001"/>
  <testcase name="testAddAfter_AtHead" classname="student.SequenceTest" time="0.001"/>
  <testcase name="testAddBefore_EmptySequence" classname="student.SequenceTest" time="0.001"/>
  <testcase name="testStart_EmptySequence" classname="student.SequenceTest" time="0.001"/>
  <testcase name="testAddBefore_AtHead" classname="student.SequenceTest" time="0.002"/>
  <testcase name="testAdvance_NoCurrentElement" classname="student.SequenceTest" time="0.001"/>
</testsuite>