<?xml version="1.0" encoding="UTF-8"?>
<testsuite xmlns:xsi="http://www.w3.org/2001/XMLSchema-instance" xsi:noNamespaceSchemaLocation="https://maven.apache.org/surefire/maven-surefire-plugin/xsd/surefire-test-report-3.0.xsd" version="3.0" name="student.BinarySearchTreeTest" time="0.183" tests="32" errors="0" skipped="0" failures="0">
  <properties>
[...]
</properties>
  <testcase name="testDeleteNodeWithRightChildOnly" classname="student.BinarySearchTreeTest" time="0.073"/>
  <testcase name="testInsertDuplicatesWithIndexEntry" classname="student.BinarySearchTreeTest" time="0.002"/>
  <testcase name="testSearchNull" classname="student.BinarySearchTreeTest" time="0.004"/>
  <testcase name="testInOrderTraversalEmptyTree" classname="student.BinarySearchTreeTest" time="0.004"/>
  <testcase name="testDeleteFromEmptyTree" classname="student.BinarySearchTreeTest" time="0"/>
  <testcase name="testDeleteNodeWithLeftChildOnlyWithIndexEntry" classname="student.BinarySearchTreeTest" time="0.001"/>
  <testcase name="testHasRightChildOnlyFalse" classname="student.BinarySearchTreeTest" time="0.001"/>
  <testcase name="testDeleteNodeWithTwoChildrenWithIndexEntry" classname="student.BinarySearchTreeTest" time="0.001"/>
  <testcase name="testFindNonExistingElementReturnsNull" classname="student.BinarySearchTreeTest" time="0.002"/>
  <testcase name="testDeleteNonExistingElement" classname="student.BinarySearchTreeTest" time="0.001"/>
  <testcase name="testDeleteWithString" classname="student.BinarySearchTreeTest" time="0"/>
  <testcase name="testFindNonExistingElement" classname="student.BinarySearchTreeTest" time="0"/>
  <testcase name="testFindNull" classname="student.BinarySearchTreeTest" time="0.001"/>
  <testcase name="testDeleteNodeWithRightChildOnlyWithIndexEntry" classname="student.BinarySearchTreeTest" time="0"/>
  <testcase name="testInsertNull" classname="student.BinarySearchTreeTest" time="0.001"/>
  <testcase name="testDeleteRootNodeWithTwoChildren" classname="student.BinarySearchTreeTest" time="0.001"/>
  <testcase name="testToStringEmptyTree" classname="student.BinarySearchTreeTest" time="0"/>
  <testcase name="testHasRightChildOnlyTrue" classname="student.BinarySearchTreeTest" time="0"/>
  <testcase name="testInOrderTraversal" classname="student.BinarySearchTreeTest" time="0.001"/>
  <testcase name="testToStringComplexTree" classname="student.BinarySearchTreeTest" time="0.007"/>
  <testcase name="testDeleteRootNode" classname="student.BinarySearchTreeTest" time="0.001"/>
  <testcase name="testDeleteLeafNodeWithIndexEntry" classname="student.BinarySearchTreeTest" time="0.001"/>
  <testcase name="testFindWithIndexEntry" classname="student.BinarySearchTreeTest" time="0.002"/>
  <testcase name="testDeleteNull" classname="student.BinarySearchTreeTest" time="0.002"/>
  <testcase name="testInsertAndSearchWithString" classname="student.BinarySearchTreeTest" time="0.001"/>
  <testcase name="testBSTNodeToString" classname="student.BinarySearchTreeTest" time="0.001"/>
  <testcase name="testFindComparisonLessThanZero" classname="student.BinarySearchTreeTest" time="0.001"/>
  <testcase name="testDeleteNodeWithTwoChildrenDeepTree" classname="student.BinarySearchTreeTest" time="0.001"/>
  <testcase name="testInsertAndSearchWithIndexEntry" classname="student.BinarySearchTreeTest" time="0.001"/>
  <testcase name="testFindInEmptyTree" classname="student.BinarySearchTreeTest" time="0.001"/>
  <testcase name="testToStringMethod" classname="student.BinarySearchTreeTest" time="0.001"/>
  <testcase name="testFindExistingElement" classname="student.BinarySearchTreeTest" time="0.001"/>
</testsuite>