<?xml version="1.0" encoding="UTF-8"?>
<testsuite xmlns:xsi="http://www.w3.org/2001/XMLSchema-instance" xsi:noNamespaceSchemaLocation="https://maven.apache.org/surefire/maven-surefire-plugin/xsd/surefire-test-report-3.0.xsd" version="3.0" name="student.SequenceTest" time="0.087" tests="32" errors="0" skipped="0" failures="0">
  <properties>
[...]
</properties>
  <testcase name="testEqualsDifferentCurrent" classname="student.SequenceTest" time="0.023"/>
  <testcase name="testRemoveCurrentAtEnd" classname="student.SequenceTest" time="0.012"/>
  <testcase name="testAdvanceWithOneElement" classname="student.SequenceTest" time="0.001"/>
  <testcase name="testEnsureCapacityWithLowerValue" classname="student.SequenceTest" time="0.001"/>
  <testcase name="testCloneWithNonEmptySequence" classname="student.SequenceTest" time="0.001"/>
  <testcase name="testClear" classname="student.SequenceTest" time="0.001"/>
  <testcase name="testRemoveCurrentWithMultipleElements" classname="student.SequenceTest" time="0.001"/>
  <testcase name="testEqualsDifferentSize" classname="student.SequenceTest" time="0"/>
  <testcase name="testEqualsWithDifferentElements" classname="student.SequenceTest" time="0"/>
  <testcase name="testAddAfterWithNull" classname="student.SequenceTest" time="0.001"/>
  <testcase name="testAddAfterWhenEmpty" classname="student.SequenceTest" time="0"/>
  <testcase name="testAddAfterNormal" classname="student.SequenceTest" time="0.001"/>
  <testcase name="testAdvancePastEnd" classname="student.SequenceTest" time="0.001"/>
  <testcase name="testRemoveCurrentWhenEmpty" classname="student.SequenceTest" time="0.001"/>
  <testcase name="testEqualsTrue" classname="student.SequenceTest" time="0.001"/>
  <testcase name="testSizeAfterInsertions" classname="student.SequenceTest" time="0"/>
  <testcase name="testEnsureCapacityIncrease" classname="student.SequenceTest" time="0.001"/>
  <testcase name="testEnsureCapacityNoChange" classname="student.SequenceTest" time="0.001"/>
  <testcase name="testRemoveCurrentNormal" classname="student.SequenceTest" time="0"/>
  <testcase name="testInitialSize" classname="student.SequenceTest" time="0"/>
  <testcase name="testAddBeforeWhenEmpty" classname="student.SequenceTest" time="0.001"/>
  <testcase name="testTrimToSize" classname="student.SequenceTest" time="0.001"/>
  <testcase name="testAddBeforeWithNull" classname="student.SequenceTest" time="0"/>
  <testcase name="testAddAllWithEmptySequence" classname="student.SequenceTest" time="0"/>
  <testcase name="testAdvanceNormal" classname="student.SequenceTest" time="0"/>
  <testcase name="testAddBeforeCapacityExpansion" classname="student.SequenceTest" time="0"/>
  <testcase name="testStartWhenEmpty" classname="student.SequenceTest" time="0.001"/>
  <testcase name="testStartNormal" classname="student.SequenceTest" time="0.001"/>
  <testcase name="testAddAfterCapacityExpansion" classname="student.SequenceTest" time="0"/>
  <testcase name="testAddBeforeNormal" classname="student.SequenceTest" time="0"/>
  <testcase name="testTrimToSizeNoChange" classname="student.SequenceTest" time="0.001"/>
  <testcase name="testAdvanceWhenNoCurrent" classname="student.SequenceTest" time="0.001"/>
</testsuite>