<?xml version="1.0" encoding="UTF-8"?>
<testsuite xmlns:xsi="http://www.w3.org/2001/XMLSchema-instance" xsi:noNamespaceSchemaLocation="https://maven.apache.org/surefire/maven-surefire-plugin/xsd/surefire-test-report-3.0.xsd" version="3.0" name="test.java.student.CoinbankTest" time="1.39" tests="17" errors="0" skipped="0" failures="0">
  <properties>
[...]
</properties>
  <testcase name="testRemoveMoreThanAvailable" classname="test.java.student.CoinbankTest" time="0.021"/>
  <testcase name="testGetNickels" classname="test.java.student.CoinbankTest" time="0"/>
  <testcase name="testRemoveMaxIntCoins" classname="test.java.student.CoinbankTest" time="1.328"/>
  <testcase name="testSingleTypeOfCoins" classname="test.java.student.CoinbankTest" time="0"/>
  <testcase name="testRemoveInvalidCoin" classname="test.java.student.CoinbankTest" time="0"/>
  <testcase name="testToString" classname="test.java.student.CoinbankTest" time="0"/>
  <testcase name="testRemoveFromEmptyBank" classname="test.java.student.CoinbankTest" time="0"/>
  <testcase name="testInsertInvalidCoin" classname="test.java.student.CoinbankTest" time="0"/>
  <testcase name="testGetPennies" classname="test.java.student.CoinbankTest" time="0"/>
  <testcase name="testMultipleOperationsConsistency" classname="test.java.student.CoinbankTest" time="0"/>
  <testcase name="testRemoveJustEnough" classname="test.java.student.CoinbankTest" time="0"/>
  <testcase name="testInsertMultipleCoins" classname="test.java.student.CoinbankTest" time="0"/>
  <testcase name="testConstruct" classname="test.java.student.CoinbankTest" time="0"/>
  <testcase name="testRemoveNegativeAmount" classname="test.java.student.CoinbankTest" time="0"/>
  <testcase name="testGetInvalidCoin" classname="test.java.student.CoinbankTest" time="0"/>
  <testcase name="testInsertNickel" classname="test.java.student.CoinbankTest" time="0"/>
  <testcase name="testRemoveZeroCoins" classname="test.java.student.CoinbankTest" time="0"/>
</testsuite>